CG test_resynth text1008
CG test_resynth text101
CG test_resynth text1030
CG test_resynth text1042
CG test_resynth text1053
CG test_resynth text1064
CG test_resynth text1075
CG test_resynth text1086
CG test_resynth text1097
CG test_resynth text1111
CG test_resynth text1122
CG test_resynth text1133
CG test_resynth text1144
CG test_resynth text1155
CG test_resynth text1166
CG test_resynth text1177
CG test_resynth text1188
CG test_resynth text11
CG test_resynth text120
CG test_resynth text1224
CG test_resynth text1235
CG test_resynth text1247
CG test_resynth text127
CG test_resynth text138
CG test_resynth text14
CG test_resynth text160
CG test_resynth text171
CG test_resynth text182
CG test_resynth text193
CG test_resynth text204
CG test_resynth text215
CG test_resynth text227
CG test_resynth text238
CG test_resynth text24
CG test_resynth text260
CG test_resynth text271
CG test_resynth text282
CG test_resynth text293
CG test_resynth text304
CG test_resynth text315
CG test_resynth text326
CG test_resynth text338
CG test_resynth text34
CG test_resynth text360
CG test_resynth text371
CG test_resynth text382
CG test_resynth text393
CG test_resynth text404
CG test_resynth text415
CG test_resynth text426
CG test_resynth text437
CG test_resynth text44
CG test_resynth text460
CG test_resynth text471
CG test_resynth text482
CG test_resynth text493
CG test_resynth text504
CG test_resynth text515
CG test_resynth text526
CG test_resynth text537
CG test_resynth text548
CG test_resynth text560
CG test_resynth text571
CG test_resynth text582
CG test_resynth text593
CG test_resynth text604
CG test_resynth text615
CG test_resynth text626
CG test_resynth text637
CG test_resynth text648
CG test_resynth text660
CG test_resynth text671
CG test_resynth text682
CG test_resynth text693
CG test_resynth text704
CG test_resynth text715
CG test_resynth text727
CG test_resynth text738
CG test_resynth text74
CG test_resynth text760
CG test_resynth text772
CG test_resynth text783
CG test_resynth text794
CG test_resynth text805
CG test_resynth text816
CG test_resynth text828
CG test_resynth text83
CG test_resynth text851
CG test_resynth text862
CG test_resynth text873
CG test_resynth text885
CG test_resynth text896
CG test_resynth text907
CG test_resynth text918
CG test_resynth text92
CG test_resynth text951
CG test_resynth text962
CG test_resynth text973
CG test_resynth text984
CG test_resynth text996
all  mean 1.714742 std 68.699055 var 4719.560135 n 1301250
F0   mean 5.849577 std 6.394143 var 40.885070 n 52050
noF0 mean 0.156218 std 0.234813 var 0.055137 n 1249200
MCD  mean 3.726749 std 2.933476 var 8.605280 n 52050
